app/build/intermediates/manifest_merge_blame_file/debug/manifest-merger-blame-debug-report.txt
1<?xml version="1.0" encoding="utf-8"?>
2<manifest xmlns:android="http://schemas.android.com/apk/res/android"
3    package="course.labs.fragmentslab"
4    android:versionCode="1"
5    android:versionName="1.0" >
6
7    <uses-sdk
8        android:minSdkVersion="21"
8-->src/main/AndroidManifest.xml
9        android:targetSdkVersion="26" />
9-->src/main/AndroidManifest.xml
10
11    <application
11-->src/main/AndroidManifest.xml:8:5-22:19
12        android:allowBackup="true"
12-->src/main/AndroidManifest.xml:9:9-35
13        android:debuggable="true"
14        android:icon="@drawable/ic_launcher"
14-->src/main/AndroidManifest.xml:10:9-45
15        android:label="@string/app_name"
15-->src/main/AndroidManifest.xml:11:9-41
16        android:testOnly="true"
17        android:theme="@style/AppTheme" >
17-->src/main/AndroidManifest.xml:12:9-40
18        <activity
18-->src/main/AndroidManifest.xml:13:9-21:20
19            android:name="course.labs.fragmentslab.MainActivity"
19-->src/main/AndroidManifest.xml:14:13-65
20            android:label="@string/app_name" >
20-->src/main/AndroidManifest.xml:15:13-45
21            <intent-filter>
21-->src/main/AndroidManifest.xml:16:13-20:29
22                <action android:name="android.intent.action.MAIN" />
22-->src/main/AndroidManifest.xml:17:17-69
22-->src/main/AndroidManifest.xml:17:25-66
23
24                <category android:name="android.intent.category.LAUNCHER" />
24-->src/main/AndroidManifest.xml:19:17-77
24-->src/main/AndroidManifest.xml:19:27-74
25            </intent-filter>
26        </activity>
27
28        <meta-data
28-->[com.android.support:support-v4:26.1.0] AndroidManifest.xml:26:9-28:38
29            android:name="android.support.VERSION"
29-->[com.android.support:support-v4:26.1.0] AndroidManifest.xml:27:13-51
30            android:value="26.1.0" />
30-->[com.android.support:support-v4:26.1.0] AndroidManifest.xml:28:13-35
31        <meta-data
31-->[android.arch.lifecycle:runtime:1.0.0] AndroidManifest.xml:25:9-27:47
32            android:name="android.arch.lifecycle.VERSION"
32-->[android.arch.lifecycle:runtime:1.0.0] AndroidManifest.xml:26:13-58
33            android:value="27.0.0-SNAPSHOT" />
33-->[android.arch.lifecycle:runtime:1.0.0] AndroidManifest.xml:27:13-44
34    </application>
35
36</manifest>